This is pdfTeX, Version 3.14159265-2.6-1.40.18 (TeX Live 2017/Debian) (preloaded format=pdflatex 2021.1.14)  28 FEB 2021 16:23
entering extended mode
 restricted \write18 enabled.
 %&-line parsing enabled.
**/home/georgejar/Downloads/NLP/NLP-win-21/idea_relations/econ_news/output/econ
_topics_main.tex

(/home/georgejar/Downloads/NLP/NLP-win-21/idea_relations/econ_news/output/econ_
topics_main.tex
LaTeX2e <2017-04-15>
Babel <3.18> and hyphenation patterns for 7 language(s) loaded.
(/usr/share/texlive/texmf-dist/tex/latex/base/article.cls
Document Class: article 2014/09/29 v1.4h Standard LaTeX document class
(/usr/share/texlive/texmf-dist/tex/latex/base/size11.clo
File: size11.clo 2014/09/29 v1.4h Standard LaTeX file (size option)
)
\c@part=\count79
\c@section=\count80
\c@subsection=\count81
\c@subsubsection=\count82
\c@paragraph=\count83
\c@subparagraph=\count84
\c@figure=\count85
\c@table=\count86
\abovecaptionskip=\skip41
\belowcaptionskip=\skip42
\bibindent=\dimen102
)
(/usr/share/texlive/texmf-dist/tex/latex/psnfss/times.sty
Package: times 2005/04/12 PSNFSS-v9.2a (SPQR) 
)
(/usr/share/texlive/texmf-dist/tex/latex/base/latexsym.sty
Package: latexsym 1998/08/17 v2.2e Standard LaTeX package (lasy symbols)
\symlasy=\mathgroup4
LaTeX Font Info:    Overwriting symbol font `lasy' in version `bold'
(Font)                  U/lasy/m/n --> U/lasy/b/n on input line 52.
)
(/usr/share/texlive/texmf-dist/tex/latex/amsmath/amsmath.sty
Package: amsmath 2017/09/02 v2.17a AMS math features
\@mathmargin=\skip43

For additional information on amsmath, use the `?' option.
(/usr/share/texlive/texmf-dist/tex/latex/amsmath/amstext.sty
Package: amstext 2000/06/29 v2.01 AMS text

(/usr/share/texlive/texmf-dist/tex/latex/amsmath/amsgen.sty
File: amsgen.sty 1999/11/30 v2.0 generic functions
\@emptytoks=\toks14
\ex@=\dimen103
))
(/usr/share/texlive/texmf-dist/tex/latex/amsmath/amsbsy.sty
Package: amsbsy 1999/11/29 v1.2d Bold Symbols
\pmbraise@=\dimen104
)
(/usr/share/texlive/texmf-dist/tex/latex/amsmath/amsopn.sty
Package: amsopn 2016/03/08 v2.02 operator names
)
\inf@bad=\count87
LaTeX Info: Redefining \frac on input line 213.
\uproot@=\count88
\leftroot@=\count89
LaTeX Info: Redefining \overline on input line 375.
\classnum@=\count90
\DOTSCASE@=\count91
LaTeX Info: Redefining \ldots on input line 472.
LaTeX Info: Redefining \dots on input line 475.
LaTeX Info: Redefining \cdots on input line 596.
\Mathstrutbox@=\box26
\strutbox@=\box27
\big@size=\dimen105
LaTeX Font Info:    Redeclaring font encoding OML on input line 712.
LaTeX Font Info:    Redeclaring font encoding OMS on input line 713.
\macc@depth=\count92
\c@MaxMatrixCols=\count93
\dotsspace@=\muskip10
\c@parentequation=\count94
\dspbrk@lvl=\count95
\tag@help=\toks15
\row@=\count96
\column@=\count97
\maxfields@=\count98
\andhelp@=\toks16
\eqnshift@=\dimen106
\alignsep@=\dimen107
\tagshift@=\dimen108
\tagwidth@=\dimen109
\totwidth@=\dimen110
\lineht@=\dimen111
\@envbody=\toks17
\multlinegap=\skip44
\multlinetaggap=\skip45
\mathdisplay@stack=\toks18
LaTeX Info: Redefining \[ on input line 2817.
LaTeX Info: Redefining \] on input line 2818.
)
(/usr/share/texlive/texmf-dist/tex/latex/booktabs/booktabs.sty
Package: booktabs 2016/04/27 v1.618033 publication quality tables
\heavyrulewidth=\dimen112
\lightrulewidth=\dimen113
\cmidrulewidth=\dimen114
\belowrulesep=\dimen115
\belowbottomsep=\dimen116
\aboverulesep=\dimen117
\abovetopsep=\dimen118
\cmidrulesep=\dimen119
\cmidrulekern=\dimen120
\defaultaddspace=\dimen121
\@cmidla=\count99
\@cmidlb=\count100
\@aboverulesep=\dimen122
\@belowrulesep=\dimen123
\@thisruleclass=\count101
\@lastruleclass=\count102
\@thisrulewidth=\dimen124
)
(/usr/share/texlive/texmf-dist/tex/latex/tools/array.sty
Package: array 2016/10/06 v2.4d Tabular extension package (FMi)
\col@sep=\dimen125
\extrarowheight=\dimen126
\NC@list=\toks19
\extratabsurround=\skip46
\backup@length=\skip47
)
(/usr/share/texlive/texmf-dist/tex/latex/multirow/multirow.sty
Package: multirow 2016/11/25 v2.2 Span multiple rows of a table
\multirow@colwidth=\skip48
\multirow@cntb=\count103
\multirow@dima=\skip49
\bigstrutjot=\dimen127
)
(/usr/share/texlive/texmf-dist/tex/latex/graphics/graphicx.sty
Package: graphicx 2017/06/01 v1.1a Enhanced LaTeX Graphics (DPC,SPQR)

(/usr/share/texlive/texmf-dist/tex/latex/graphics/keyval.sty
Package: keyval 2014/10/28 v1.15 key=value parser (DPC)
\KV@toks@=\toks20
)
(/usr/share/texlive/texmf-dist/tex/latex/graphics/graphics.sty
Package: graphics 2017/06/25 v1.2c Standard LaTeX Graphics (DPC,SPQR)

(/usr/share/texlive/texmf-dist/tex/latex/graphics/trig.sty
Package: trig 2016/01/03 v1.10 sin cos tan (DPC)
)
(/usr/share/texlive/texmf-dist/tex/latex/graphics-cfg/graphics.cfg
File: graphics.cfg 2016/06/04 v1.11 sample graphics configuration
)
Package graphics Info: Driver file: pdftex.def on input line 99.

(/usr/share/texlive/texmf-dist/tex/latex/graphics-def/pdftex.def
File: pdftex.def 2018/01/08 v1.0l Graphics/color driver for pdftex
))
\Gin@req@height=\dimen128
\Gin@req@width=\dimen129
)
(/usr/share/texlive/texmf-dist/tex/latex/graphics/color.sty
Package: color 2016/07/10 v1.1e Standard LaTeX Color (DPC)

(/usr/share/texlive/texmf-dist/tex/latex/graphics-cfg/color.cfg
File: color.cfg 2016/01/02 v1.6 sample color configuration
)
Package color Info: Driver file: pdftex.def on input line 147.
)
(/usr/share/texlive/texmf-dist/tex/latex/blindtext/blindtext.sty
Package: blindtext 2012/01/06 V2.0 blindtext-Package

(/usr/share/texlive/texmf-dist/tex/latex/tools/xspace.sty
Package: xspace 2014/10/28 v1.13 Space after command names (DPC,MH)
)
\c@blindtext=\count104
\c@Blindtext=\count105
\c@blind@countparstart=\count106
\blind@countxx=\count107
\blindtext@numBlindtext=\count108
\blind@countyy=\count109
\c@blindlist=\count110
\c@blindlistlevel=\count111
\c@blindlist@level=\count112
\blind@listitem=\count113
\c@blind@listcount=\count114
\c@blind@levelcount=\count115
\blind@mathformula=\count116
\blind@Mathformula=\count117
\c@blind@randomcount=\count118
\c@blind@randommax=\count119
\c@blind@pangramcount=\count120
\c@blind@pangrammax=\count121
)
(/usr/share/texlive/texmf-dist/tex/latex/caption/subcaption.sty
Package: subcaption 2016/05/22 v1.1-161 Sub-captions (AR)

(/usr/share/texlive/texmf-dist/tex/latex/caption/caption.sty
Package: caption 2016/02/21 v3.3-144 Customizing captions (AR)

(/usr/share/texlive/texmf-dist/tex/latex/caption/caption3.sty
Package: caption3 2016/05/22 v1.7-166 caption3 kernel (AR)
Package caption3 Info: TeX engine: e-TeX on input line 67.
\captionmargin=\dimen130
\captionmargin@=\dimen131
\captionwidth=\dimen132
\caption@tempdima=\dimen133
\caption@indent=\dimen134
\caption@parindent=\dimen135
\caption@hangindent=\dimen136
)
\c@ContinuedFloat=\count122
)
\c@subfigure=\count123
\c@subtable=\count124
)
(/usr/share/texlive/texmf-dist/tex/latex/enumitem/enumitem.sty
Package: enumitem 2011/09/28 v3.5.2 Customized lists
\labelindent=\skip50
\enit@outerparindent=\dimen137
\enit@toks=\toks21
\enit@inbox=\box28
\enitdp@description=\count125
)
(./econ_topics_main.aux)
\openout1 = `econ_topics_main.aux'.

LaTeX Font Info:    Checking defaults for OML/cmm/m/it on input line 60.
LaTeX Font Info:    ... okay on input line 60.
LaTeX Font Info:    Checking defaults for T1/cmr/m/n on input line 60.
LaTeX Font Info:    ... okay on input line 60.
LaTeX Font Info:    Checking defaults for OT1/cmr/m/n on input line 60.
LaTeX Font Info:    ... okay on input line 60.
LaTeX Font Info:    Checking defaults for OMS/cmsy/m/n on input line 60.
LaTeX Font Info:    ... okay on input line 60.
LaTeX Font Info:    Checking defaults for OMX/cmex/m/n on input line 60.
LaTeX Font Info:    ... okay on input line 60.
LaTeX Font Info:    Checking defaults for U/cmr/m/n on input line 60.
LaTeX Font Info:    ... okay on input line 60.
LaTeX Font Info:    Try loading font information for OT1+ptm on input line 60.

(/usr/share/texlive/texmf-dist/tex/latex/psnfss/ot1ptm.fd
File: ot1ptm.fd 2001/06/04 font definitions for OT1/ptm.
)
(/usr/share/texlive/texmf-dist/tex/context/base/mkii/supp-pdf.mkii
[Loading MPS to PDF converter (version 2006.09.02).]
\scratchcounter=\count126
\scratchdimen=\dimen138
\scratchbox=\box29
\nofMPsegments=\count127
\nofMParguments=\count128
\everyMPshowfont=\toks22
\MPscratchCnt=\count129
\MPscratchDim=\dimen139
\MPnumerator=\count130
\makeMPintoPDFobject=\count131
\everyMPtoPDFconversion=\toks23
) (/usr/share/texlive/texmf-dist/tex/latex/oberdiek/epstopdf-base.sty
Package: epstopdf-base 2016/05/15 v2.6 Base part for package epstopdf

(/usr/share/texlive/texmf-dist/tex/generic/oberdiek/infwarerr.sty
Package: infwarerr 2016/05/16 v1.4 Providing info/warning/error messages (HO)
)
(/usr/share/texlive/texmf-dist/tex/latex/oberdiek/grfext.sty
Package: grfext 2016/05/16 v1.2 Manage graphics extensions (HO)

(/usr/share/texlive/texmf-dist/tex/generic/oberdiek/kvdefinekeys.sty
Package: kvdefinekeys 2016/05/16 v1.4 Define keys (HO)

(/usr/share/texlive/texmf-dist/tex/generic/oberdiek/ltxcmds.sty
Package: ltxcmds 2016/05/16 v1.23 LaTeX kernel commands for general use (HO)
)))
(/usr/share/texlive/texmf-dist/tex/latex/oberdiek/kvoptions.sty
Package: kvoptions 2016/05/16 v3.12 Key value format for package options (HO)

(/usr/share/texlive/texmf-dist/tex/generic/oberdiek/kvsetkeys.sty
Package: kvsetkeys 2016/05/16 v1.17 Key value parser (HO)

(/usr/share/texlive/texmf-dist/tex/generic/oberdiek/etexcmds.sty
Package: etexcmds 2016/05/16 v1.6 Avoid name clashes with e-TeX commands (HO)

(/usr/share/texlive/texmf-dist/tex/generic/oberdiek/ifluatex.sty
Package: ifluatex 2016/05/16 v1.4 Provides the ifluatex switch (HO)
Package ifluatex Info: LuaTeX not detected.
)
Package etexcmds Info: Could not find \expanded.
(etexcmds)             That can mean that you are not using pdfTeX 1.50 or
(etexcmds)             that some package has redefined \expanded.
(etexcmds)             In the latter case, load this package earlier.
)))
(/usr/share/texlive/texmf-dist/tex/generic/oberdiek/pdftexcmds.sty
Package: pdftexcmds 2018/01/21 v0.26 Utility functions of pdfTeX for LuaTeX (HO
)

(/usr/share/texlive/texmf-dist/tex/generic/oberdiek/ifpdf.sty
Package: ifpdf 2017/03/15 v3.2 Provides the ifpdf switch
)
Package pdftexcmds Info: LuaTeX not detected.
Package pdftexcmds Info: \pdf@primitive is available.
Package pdftexcmds Info: \pdf@ifprimitive is available.
Package pdftexcmds Info: \pdfdraftmode found.
)
Package epstopdf-base Info: Redefining graphics rule for `.eps' on input line 4
38.
Package grfext Info: Graphics extension search list:
(grfext)             [.pdf,.png,.jpg,.mps,.jpeg,.jbig2,.jb2,.PDF,.PNG,.JPG,.JPE
G,.JBIG2,.JB2,.eps]
(grfext)             \AppendGraphicsExtensions on input line 456.

(/usr/share/texlive/texmf-dist/tex/latex/latexconfig/epstopdf-sys.cfg
File: epstopdf-sys.cfg 2010/07/13 v1.3 Configuration of (r)epstopdf for TeX Liv
e
))
Package caption Info: Begin \AtBeginDocument code.
Package caption Info: End \AtBeginDocument code.
LaTeX Font Info:    Try loading font information for U+lasy on input line 61.

(/usr/share/texlive/texmf-dist/tex/latex/base/ulasy.fd
File: ulasy.fd 1998/08/17 v2.2e LaTeX symbol font definitions
)
LaTeX Font Info:    Font shape `OT1/ptm/bx/n' in size <14.4> not available
(Font)              Font shape `OT1/ptm/b/n' tried instead on input line 62.
<figure/econ_topics_joint_plot.pdf, id=1, 509.17976pt x 510.37535pt>
File: figure/econ_topics_joint_plot.pdf Graphic file (type pdf)
<use figure/econ_topics_joint_plot.pdf>
Package pdftex.def Info: figure/econ_topics_joint_plot.pdf  used on input line 
69.
(pdftex.def)             Requested size: 161.9989pt x 162.38113pt.
<figure/econ_topics_average_top_25.pdf, id=2, 578.16pt x 505.89pt>
File: figure/econ_topics_average_top_25.pdf Graphic file (type pdf)
<use figure/econ_topics_average_top_25.pdf>
Package pdftex.def Info: figure/econ_topics_average_top_25.pdf  used on input l
ine 75.
(pdftex.def)             Requested size: 161.9989pt x 141.74858pt.
<figure/econ_topics_friends_market,average,_stock,market,po.pdf, id=3, 578.16pt
 x 505.89pt>
File: figure/econ_topics_friends_market,average,_stock,market,po.pdf Graphic fi
le (type pdf)
<use figure/econ_topics_friends_market,average,_stock,market,po.pdf>
Package pdftex.def Info: figure/econ_topics_friends_market,average,_stock,marke
t,po.pdf  used on input line 88.
(pdftex.def)             Requested size: 79.20044pt x 69.2957pt.
<figure/econ_topics_friends_stock,company,s_companies,busin.pdf, id=4, 578.16pt
 x 505.89pt>
File: figure/econ_topics_friends_stock,company,s_companies,busin.pdf Graphic fi
le (type pdf)
<use figure/econ_topics_friends_stock,company,s_companies,busin.pdf>
Package pdftex.def Info: figure/econ_topics_friends_stock,company,s_companies,b
usin.pdf  used on input line 93.
(pdftex.def)             Requested size: 79.20044pt x 69.2957pt.
<figure/econ_topics_friends_would,house,bil_tax,budget,spen.pdf, id=5, 578.16pt
 x 505.89pt>
File: figure/econ_topics_friends_would,house,bil_tax,budget,spen.pdf Graphic fi
le (type pdf)
<use figure/econ_topics_friends_would,house,bil_tax,budget,spen.pdf>
Package pdftex.def Info: figure/econ_topics_friends_would,house,bil_tax,budget,
spen.pdf  used on input line 98.
(pdftex.def)             Requested size: 79.20044pt x 69.2957pt.
<figure/econ_topics_friends_bond,treasury,b_funds,investors.pdf, id=6, 578.16pt
 x 505.89pt>
File: figure/econ_topics_friends_bond,treasury,b_funds,investors.pdf Graphic fi
le (type pdf)
<use figure/econ_topics_friends_bond,treasury,b_funds,investors.pdf>
Package pdftex.def Info: figure/econ_topics_friends_bond,treasury,b_funds,inves
tors.pdf  used on input line 103.
(pdftex.def)             Requested size: 79.20044pt x 69.2957pt.
<figure/econ_topics_head-to-head_index,dow_jones_state,city,mill.pdf, id=7, 578
.16pt x 505.89pt>
File: figure/econ_topics_head-to-head_index,dow_jones_state,city,mill.pdf Graph
ic file (type pdf)
<use figure/econ_topics_head-to-head_index,dow_jones_state,city,mill.pdf>
Package pdftex.def Info: figure/econ_topics_head-to-head_index,dow_jones_state,
city,mill.pdf  used on input line 108.
(pdftex.def)             Requested size: 79.20044pt x 69.2957pt.

Underfull \hbox (badness 10000) in paragraph at lines 109--109
[]\OT1/ptm/m/n/10 (e) |Head-to-head
 []

<figure/econ_topics_head-to-head_tax,budget,spen_index,dow_jones.pdf, id=8, 578
.16pt x 505.89pt>
File: figure/econ_topics_head-to-head_tax,budget,spen_index,dow_jones.pdf Graph
ic file (type pdf)
<use figure/econ_topics_head-to-head_tax,budget,spen_index,dow_jones.pdf>
Package pdftex.def Info: figure/econ_topics_head-to-head_tax,budget,spen_index,
dow_jones.pdf  used on input line 113.
(pdftex.def)             Requested size: 79.20044pt x 69.2957pt.

Underfull \hbox (badness 10000) in paragraph at lines 114--114
[]\OT1/ptm/m/n/10 (f) |Head-to-head
 []

<figure/econ_topics_head-to-head_president,econo_index,dow_jones.pdf, id=9, 578
.16pt x 505.89pt>
File: figure/econ_topics_head-to-head_president,econo_index,dow_jones.pdf Graph
ic file (type pdf)
<use figure/econ_topics_head-to-head_president,econo_index,dow_jones.pdf>
Package pdftex.def Info: figure/econ_topics_head-to-head_president,econo_index,
dow_jones.pdf  used on input line 118.
(pdftex.def)             Requested size: 79.20044pt x 69.2957pt.

Underfull \hbox (badness 10000) in paragraph at lines 119--119
[]\OT1/ptm/m/n/10 (g) |Head-to-head
 []

<figure/econ_topics_head-to-head_would,house,bil_index,dow_jones.pdf, id=10, 57
8.16pt x 505.89pt>
File: figure/econ_topics_head-to-head_would,house,bil_index,dow_jones.pdf Graph
ic file (type pdf)
<use figure/econ_topics_head-to-head_would,house,bil_index,dow_jones.pdf>
Package pdftex.def Info: figure/econ_topics_head-to-head_would,house,bil_index,
dow_jones.pdf  used on input line 123.
(pdftex.def)             Requested size: 79.20044pt x 69.2957pt.

Underfull \hbox (badness 10000) in paragraph at lines 124--124
[]\OT1/ptm/m/n/10 (h) |Head-to-head
 []

<figure/econ_topics_arms-race_president,econo_stock,market,po.pdf, id=11, 578.1
6pt x 505.89pt>
File: figure/econ_topics_arms-race_president,econo_stock,market,po.pdf Graphic 
file (type pdf)
<use figure/econ_topics_arms-race_president,econo_stock,market,po.pdf>
Package pdftex.def Info: figure/econ_topics_arms-race_president,econo_stock,mar
ket,po.pdf  used on input line 128.
(pdftex.def)             Requested size: 79.20044pt x 69.2957pt.
<figure/econ_topics_arms-race_tax,budget,spen_stock,market,po.pdf, id=12, 578.1
6pt x 505.89pt>
File: figure/econ_topics_arms-race_tax,budget,spen_stock,market,po.pdf Graphic 
file (type pdf)
<use figure/econ_topics_arms-race_tax,budget,spen_stock,market,po.pdf>
Package pdftex.def Info: figure/econ_topics_arms-race_tax,budget,spen_stock,mar
ket,po.pdf  used on input line 133.
(pdftex.def)             Requested size: 79.20044pt x 69.2957pt.
<figure/econ_topics_arms-race_index,dow_jones_pay,would,tax,s.pdf, id=13, 578.1
6pt x 505.89pt>
File: figure/econ_topics_arms-race_index,dow_jones_pay,would,tax,s.pdf Graphic 
file (type pdf)
<use figure/econ_topics_arms-race_index,dow_jones_pay,would,tax,s.pdf>
Package pdftex.def Info: figure/econ_topics_arms-race_index,dow_jones_pay,would
,tax,s.pdf  used on input line 138.
(pdftex.def)             Requested size: 79.20044pt x 69.2957pt.
<figure/econ_topics_arms-race_tax,budget,spen_market,average,.pdf, id=14, 578.1
6pt x 505.89pt>
File: figure/econ_topics_arms-race_tax,budget,spen_market,average,.pdf Graphic 
file (type pdf)
<use figure/econ_topics_arms-race_tax,budget,spen_market,average,.pdf>
Package pdftex.def Info: figure/econ_topics_arms-race_tax,budget,spen_market,av
erage,.pdf  used on input line 143.
(pdftex.def)             Requested size: 79.20044pt x 69.2957pt.
<figure/econ_topics_tryst_index,dow_jones_stock,market,po.pdf, id=15, 578.16pt 
x 505.89pt>
File: figure/econ_topics_tryst_index,dow_jones_stock,market,po.pdf Graphic file
 (type pdf)
<use figure/econ_topics_tryst_index,dow_jones_stock,market,po.pdf>
Package pdftex.def Info: figure/econ_topics_tryst_index,dow_jones_stock,market,
po.pdf  used on input line 148.
(pdftex.def)             Requested size: 79.20044pt x 69.2957pt.
<figure/econ_topics_tryst_stock,company,s_sales,auto,reta.pdf, id=16, 578.16pt 
x 505.89pt>
File: figure/econ_topics_tryst_stock,company,s_sales,auto,reta.pdf Graphic file
 (type pdf)
<use figure/econ_topics_tryst_stock,company,s_sales,auto,reta.pdf>
Package pdftex.def Info: figure/econ_topics_tryst_stock,company,s_sales,auto,re
ta.pdf  used on input line 153.
(pdftex.def)             Requested size: 79.20044pt x 69.2957pt.
<figure/econ_topics_tryst_president,econo_fed,federal_res.pdf, id=17, 578.16pt 
x 505.89pt>
File: figure/econ_topics_tryst_president,econo_fed,federal_res.pdf Graphic file
 (type pdf)
<use figure/econ_topics_tryst_president,econo_fed,federal_res.pdf>
Package pdftex.def Info: figure/econ_topics_tryst_president,econo_fed,federal_r
es.pdf  used on input line 158.
(pdftex.def)             Requested size: 79.20044pt x 69.2957pt.
<figure/econ_topics_tryst_rate,federal_re_fed,federal_res.pdf, id=18, 578.16pt 
x 505.89pt>
File: figure/econ_topics_tryst_rate,federal_re_fed,federal_res.pdf Graphic file
 (type pdf)
<use figure/econ_topics_tryst_rate,federal_re_fed,federal_res.pdf>
Package pdftex.def Info: figure/econ_topics_tryst_rate,federal_re_fed,federal_r
es.pdf  used on input line 163.
(pdftex.def)             Requested size: 79.20044pt x 69.2957pt.
[1

{/var/lib/texmf/fonts/map/pdftex/updmap/pdftex.map} <./figure/econ_topics_joint
_plot.pdf> <./figure/econ_topics_average_top_25.pdf

pdfTeX warning: pdflatex (file ./figure/econ_topics_average_top_25.pdf): PDF in
clusion: multiple pdfs with page group included in a single page
>] [2 <./figure/econ_topics_friends_market,average,_stock,market,po.pdf> <./fig
ure/econ_topics_friends_stock,company,s_companies,busin.pdf

pdfTeX warning: pdflatex (file ./figure/econ_topics_friends_stock,company,s_com
panies,busin.pdf): PDF inclusion: multiple pdfs with page group included in a s
ingle page
> <./figure/econ_topics_friends_would,house,bil_tax,budget,spen.pdf

pdfTeX warning: pdflatex (file ./figure/econ_topics_friends_would,house,bil_tax
,budget,spen.pdf): PDF inclusion: multiple pdfs with page group included in a s
ingle page
> <./figure/econ_topics_friends_bond,treasury,b_funds,investors.pdf

pdfTeX warning: pdflatex (file ./figure/econ_topics_friends_bond,treasury,b_fun
ds,investors.pdf): PDF inclusion: multiple pdfs with page group included in a s
ingle page
> <./figure/econ_topics_head-to-head_index,dow_jones_state,city,mill.pdf

pdfTeX warning: pdflatex (file ./figure/econ_topics_head-to-head_index,dow_jone
s_state,city,mill.pdf): PDF inclusion: multiple pdfs with page group included i
n a single page
> <./figure/econ_topics_head-to-head_tax,budget,spen_index,dow_jones.pdf

pdfTeX warning: pdflatex (file ./figure/econ_topics_head-to-head_tax,budget,spe
n_index,dow_jones.pdf): PDF inclusion: multiple pdfs with page group included i
n a single page
> <./figure/econ_topics_head-to-head_president,econo_index,dow_jones.pdf

pdfTeX warning: pdflatex (file ./figure/econ_topics_head-to-head_president,econ
o_index,dow_jones.pdf): PDF inclusion: multiple pdfs with page group included i
n a single page
> <./figure/econ_topics_head-to-head_would,house,bil_index,dow_jones.pdf

pdfTeX warning: pdflatex (file ./figure/econ_topics_head-to-head_would,house,bi
l_index,dow_jones.pdf): PDF inclusion: multiple pdfs with page group included i
n a single page
> <./figure/econ_topics_arms-race_president,econo_stock,market,po.pdf

pdfTeX warning: pdflatex (file ./figure/econ_topics_arms-race_president,econo_s
tock,market,po.pdf): PDF inclusion: multiple pdfs with page group included in a
 single page
> <./figure/econ_topics_arms-race_tax,budget,spen_stock,market,po.pdf

pdfTeX warning: pdflatex (file ./figure/econ_topics_arms-race_tax,budget,spen_s
tock,market,po.pdf): PDF inclusion: multiple pdfs with page group included in a
 single page
> <./figure/econ_topics_arms-race_index,dow_jones_pay,would,tax,s.pdf

pdfTeX warning: pdflatex (file ./figure/econ_topics_arms-race_index,dow_jones_p
ay,would,tax,s.pdf): PDF inclusion: multiple pdfs with page group included in a
 single page
> <./figure/econ_topics_arms-race_tax,budget,spen_market,average,.pdf

pdfTeX warning: pdflatex (file ./figure/econ_topics_arms-race_tax,budget,spen_m
arket,average,.pdf): PDF inclusion: multiple pdfs with page group included in a
 single page
> <./figure/econ_topics_tryst_index,dow_jones_stock,market,po.pdf

pdfTeX warning: pdflatex (file ./figure/econ_topics_tryst_index,dow_jones_stock
,market,po.pdf): PDF inclusion: multiple pdfs with page group included in a sin
gle page
> <./figure/econ_topics_tryst_stock,company,s_sales,auto,reta.pdf

pdfTeX warning: pdflatex (file ./figure/econ_topics_tryst_stock,company,s_sales
,auto,reta.pdf): PDF inclusion: multiple pdfs with page group included in a sin
gle page
> <./figure/econ_topics_tryst_president,econo_fed,federal_res.pdf

pdfTeX warning: pdflatex (file ./figure/econ_topics_tryst_president,econo_fed,f
ederal_res.pdf): PDF inclusion: multiple pdfs with page group included in a sin
gle page
> <./figure/econ_topics_tryst_rate,federal_re_fed,federal_res.pdf

pdfTeX warning: pdflatex (file ./figure/econ_topics_tryst_rate,federal_re_fed,f
ederal_res.pdf): PDF inclusion: multiple pdfs with page group included in a sin
gle page
>] (./table/econ_topics_top_five.tex
Underfull \hbox (badness 2269) in paragraph at lines 10--10
\OT1/ptm/m/n/8 mr., would, ad-min-is-tra-tion, board, told,
 []


Underfull \hbox (badness 2269) in paragraph at lines 15--15
\OT1/ptm/m/n/8 mr., would, ad-min-is-tra-tion, board, told,
 []


Underfull \hbox (badness 2269) in paragraph at lines 20--20
\OT1/ptm/m/n/8 mr., would, ad-min-is-tra-tion, board, told,
 []


Underfull \hbox (badness 1342) in paragraph at lines 28--29
[]|\OT1/ptm/m/n/8 sales, auto, re-tail-ers, stores, re-tail, con-
 []


Underfull \hbox (badness 2269) in paragraph at lines 29--29
\OT1/ptm/m/n/8 mr., would, ad-min-is-tra-tion, board, told,
 []

)
Overfull \hbox (71.39886pt too wide) in paragraph at lines 1--178
 [][] 
 []


LaTeX Warning: Float too large for page by 28.99265pt on input line 178.

[3

] [4] (./econ_topics_main.aux) ) 
Here is how much of TeX's memory you used:
 4035 strings out of 494847
 66300 string characters out of 6179080
 129133 words of memory out of 5000000
 7271 multiletter control sequences out of 15000+600000
 19005 words of font info for 49 fonts, out of 8000000 for 9000
 59 hyphenation exceptions out of 8191
 42i,10n,40p,383b,458s stack positions out of 5000i,500n,10000p,200000b,80000s
{/usr/share/texlive/texmf-dist/fonts/enc/dvips/
base/8r.enc}</usr/share/texlive/texmf-dist/fonts/type1/public/amsfonts/cm/cmss1
7.pfb></usr/share/texlive/texmf-dist/fonts/type1/urw/times/utmb8a.pfb></usr/sha
re/texlive/texmf-dist/fonts/type1/urw/times/utmr8a.pfb>
Output written on econ_topics_main.pdf (4 pages, 143965 bytes).
PDF statistics:
 154 PDF objects out of 1000 (max. 8388607)
 93 compressed objects within 1 object stream
 0 named destinations out of 1000 (max. 500000)
 91 words of extra memory for PDF output out of 10000 (max. 10000000)

